# JRE version: OpenJDK Runtime Environment (21.0.6) (build 21.0.6+-13368085-b895.109)
# Java VM: OpenJDK 64-Bit Server VM (21.0.6+-13368085-b895.109, mixed mode, tiered, compressed oops, compressed class ptrs, g1 gc, windows-amd64)
GC Precious Log:
 CardTable entry size: 512
 Card Set container configuration: InlinePtr #cards 4 size 8 Array Of Cards #cards 32 size 80 Howl #buckets 8 coarsen threshold 7372 Howl Bitmap #cards 1024 size 144 coarsen threshold 921 Card regions per heap region 1 cards per card region 8192
 CPUs: 4 total, 4 available
 Memory: 12014M
 Large Page Support: Disabled
 NUMA Support: Disabled
 Compressed Oops: Enabled (Zero based)
 Heap Region Size: 4M
 Heap Min Capacity: 8M
 Heap Initial Capacity: 188M
 Heap Max Capacity: 8G
 Pre-touch: Disabled
 Parallel Workers: 4
 Concurrent Workers: 1
 Concurrent Refinement Workers: 4
 Periodic GC: Disabled
Heap:
 garbage-first heap   total 876544K, used 165259K [0x0000000600000000, 0x0000000800000000)
  region size 4096K, 1 young (4096K), 1 survivors (4096K)
 Metaspace       used 105476K, committed 107584K, reserved 1179648K
  class space    used 13877K, committed 14912K, reserved 1048576K
GC Heap History (20 events):
Event: 59.339 GC heap after
{Heap after GC invocations=57 (full 0):
 garbage-first heap   total 438272K, used 128755K [0x0000000600000000, 0x0000000800000000)
  region size 4096K, 6 young (24576K), 6 survivors (24576K)
 Metaspace       used 97851K, committed 99776K, reserved 1179648K
  class space    used 13049K, committed 14016K, reserved 1048576K
}
Event: 59.667 GC heap before
{Heap before GC invocations=57 (full 0):
 garbage-first heap   total 438272K, used 362227K [0x0000000600000000, 0x0000000800000000)
  region size 4096K, 64 young (262144K), 6 survivors (24576K)
 Metaspace       used 97858K, committed 99840K, reserved 1179648K
  class space    used 13049K, committed 14016K, reserved 1048576K
}
Event: 59.681 GC heap after
{Heap after GC invocations=58 (full 0):
 garbage-first heap   total 438272K, used 135926K [0x0000000600000000, 0x0000000800000000)
  region size 4096K, 6 young (24576K), 6 survivors (24576K)
 Metaspace       used 97858K, committed 99840K, reserved 1179648K
  class space    used 13049K, committed 14016K, reserved 1048576K
}
Event: 59.923 GC heap before
{Heap before GC invocations=59 (full 0):
 garbage-first heap   total 438272K, used 373494K [0x0000000600000000, 0x0000000800000000)
  region size 4096K, 64 young (262144K), 6 survivors (24576K)
 Metaspace       used 97861K, committed 99840K, reserved 1179648K
  class space    used 13049K, committed 14016K, reserved 1048576K
}
Event: 59.936 GC heap after
{Heap after GC invocations=60 (full 0):
 garbage-first heap   total 438272K, used 139079K [0x0000000600000000, 0x0000000800000000)
  region size 4096K, 5 young (20480K), 5 survivors (20480K)
 Metaspace       used 97861K, committed 99840K, reserved 1179648K
  class space    used 13049K, committed 14016K, reserved 1048576K
}
Event: 60.037 GC heap before
{Heap before GC invocations=60 (full 0):
 garbage-first heap   total 438272K, used 376647K [0x0000000600000000, 0x0000000800000000)
  region size 4096K, 64 young (262144K), 5 survivors (20480K)
 Metaspace       used 97861K, committed 99840K, reserved 1179648K
  class space    used 13049K, committed 14016K, reserved 1048576K
}
Event: 60.050 GC heap after
{Heap after GC invocations=61 (full 0):
 garbage-first heap   total 876544K, used 140001K [0x0000000600000000, 0x0000000800000000)
  region size 4096K, 5 young (20480K), 5 survivors (20480K)
 Metaspace       used 97861K, committed 99840K, reserved 1179648K
  class space    used 13049K, committed 14016K, reserved 1048576K
}
Event: 60.639 GC heap before
{Heap before GC invocations=61 (full 0):
 garbage-first heap   total 876544K, used 639713K [0x0000000600000000, 0x0000000800000000)
  region size 4096K, 128 young (524288K), 5 survivors (20480K)
 Metaspace       used 97861K, committed 99840K, reserved 1179648K
  class space    used 13049K, committed 14016K, reserved 1048576K
}
Event: 60.652 GC heap after
{Heap after GC invocations=62 (full 0):
 garbage-first heap   total 876544K, used 142967K [0x0000000600000000, 0x0000000800000000)
  region size 4096K, 5 young (20480K), 5 survivors (20480K)
 Metaspace       used 97861K, committed 99840K, reserved 1179648K
  class space    used 13049K, committed 14016K, reserved 1048576K
}
Event: 62.939 GC heap before
{Heap before GC invocations=62 (full 0):
 garbage-first heap   total 876544K, used 646775K [0x0000000600000000, 0x0000000800000000)
  region size 4096K, 128 young (524288K), 5 survivors (20480K)
 Metaspace       used 97966K, committed 99904K, reserved 1179648K
  class space    used 13053K, committed 14016K, reserved 1048576K
}
Event: 62.944 GC heap after
{Heap after GC invocations=63 (full 0):
 garbage-first heap   total 876544K, used 129255K [0x0000000600000000, 0x0000000800000000)
  region size 4096K, 2 young (8192K), 2 survivors (8192K)
 Metaspace       used 97966K, committed 99904K, reserved 1179648K
  class space    used 13053K, committed 14016K, reserved 1048576K
}
Event: 358.497 GC heap before
{Heap before GC invocations=63 (full 0):
 garbage-first heap   total 876544K, used 641255K [0x0000000600000000, 0x0000000800000000)
  region size 4096K, 128 young (524288K), 2 survivors (8192K)
 Metaspace       used 105008K, committed 107072K, reserved 1179648K
  class space    used 13838K, committed 14848K, reserved 1048576K
}
Event: 358.519 GC heap after
{Heap after GC invocations=64 (full 0):
 garbage-first heap   total 876544K, used 137974K [0x0000000600000000, 0x0000000800000000)
  region size 4096K, 4 young (16384K), 4 survivors (16384K)
 Metaspace       used 105008K, committed 107072K, reserved 1179648K
  class space    used 13838K, committed 14848K, reserved 1048576K
}
Event: 475.322 GC heap before
{Heap before GC invocations=64 (full 0):
 garbage-first heap   total 876544K, used 641782K [0x0000000600000000, 0x0000000800000000)
  region size 4096K, 128 young (524288K), 4 survivors (16384K)
 Metaspace       used 105381K, committed 107392K, reserved 1179648K
  class space    used 13877K, committed 14912K, reserved 1048576K
}
Event: 476.008 GC heap after
{Heap after GC invocations=65 (full 0):
 garbage-first heap   total 876544K, used 156254K [0x0000000600000000, 0x0000000800000000)
  region size 4096K, 9 young (36864K), 9 survivors (36864K)
 Metaspace       used 105381K, committed 107392K, reserved 1179648K
  class space    used 13877K, committed 14912K, reserved 1048576K
}
Event: 482.722 GC heap before
{Heap before GC invocations=65 (full 0):
 garbage-first heap   total 876544K, used 512606K [0x0000000600000000, 0x0000000800000000)
  region size 4096K, 97 young (397312K), 9 survivors (36864K)
 Metaspace       used 105466K, committed 107584K, reserved 1179648K
  class space    used 13877K, committed 14912K, reserved 1048576K
}
Event: 484.713 GC heap after
{Heap after GC invocations=66 (full 0):
 garbage-first heap   total 876544K, used 163614K [0x0000000600000000, 0x0000000800000000)
  region size 4096K, 7 young (28672K), 7 survivors (28672K)
 Metaspace       used 105466K, committed 107584K, reserved 1179648K
  class space    used 13877K, committed 14912K, reserved 1048576K
}
Event: 484.920 GC heap before
{Heap before GC invocations=66 (full 0):
 garbage-first heap   total 876544K, used 175902K [0x0000000600000000, 0x0000000800000000)
  region size 4096K, 10 young (40960K), 7 survivors (28672K)
 Metaspace       used 105468K, committed 107584K, reserved 1179648K
  class space    used 13877K, committed 14912K, reserved 1048576K
}
Event: 485.922 GC heap after
{Heap after GC invocations=67 (full 0):
 garbage-first heap   total 876544K, used 165744K [0x0000000600000000, 0x0000000800000000)
  region size 4096K, 1 young (4096K), 1 survivors (4096K)
 Metaspace       used 105468K, committed 107584K, reserved 1179648K
  class space    used 13877K, committed 14912K, reserved 1048576K
}
Event: 487.456 GC heap before
{Heap before GC invocations=67 (full 0):
 garbage-first heap   total 876544K, used 255856K [0x0000000600000000, 0x0000000800000000)
  region size 4096K, 23 young (94208K), 1 survivors (4096K)
 Metaspace       used 105476K, committed 107584K, reserved 1179648K
  class space    used 13877K, committed 14912K, reserved 1048576K
}

